<?xml version="1.0" encoding="UTF-8"?>
<testsuite name="it.uniba.model.MentionGraphTest" tests="11" skipped="0" failures="0" errors="0" timestamp="2018-05-31T08:00:04" hostname="GiovanDonato" time="0.12">
  <properties/>
  <testcase name="failedfulIsEmptyTest()" classname="it.uniba.model.MentionGraphTest" time="0.021"/>
  <testcase name="successfulThrowOnGenerate()" classname="it.uniba.model.MentionGraphTest" time="0.006"/>
  <testcase name="successfulMentionGraph()" classname="it.uniba.model.MentionGraphTest" time="0.003"/>
  <testcase name="successfullIsEmptyTest()" classname="it.uniba.model.MentionGraphTest" time="0.003"/>
  <testcase name="edgesOutDegreeTest()" classname="it.uniba.model.MentionGraphTest" time="0.008"/>
  <testcase name="successfulContainsNodeTest()" classname="it.uniba.model.MentionGraphTest" time="0.0"/>
  <testcase name="edgesInDegreeTest()" classname="it.uniba.model.MentionGraphTest" time="0.004"/>
  <testcase name="failedMentionGraph()" classname="it.uniba.model.MentionGraphTest" time="0.002"/>
  <testcase name="failedContainsNodeTest()" classname="it.uniba.model.MentionGraphTest" time="0.001"/>
  <testcase name="successModelGetter()" classname="it.uniba.model.MentionGraphTest" time="0.0"/>
  <testcase name="failedThrowGenerateOnFilledModel()" classname="it.uniba.model.MentionGraphTest" time="0.062"/>
  <system-out><![CDATA[]]></system-out>
  <system-err><![CDATA[]]></system-err>
</testsuite>
