<?xml version="1.0" encoding="UTF-8"?>
<testsuite name="it.uniba.controller.ControllerTester" tests="4" skipped="1" failures="0" errors="0" timestamp="2018-05-31T07:40:28" hostname="GiovanDonato" time="0.241">
  <properties/>
  <testcase name="invalidPathTester()" classname="it.uniba.controller.ControllerTester" time="0.219"/>
  <testcase name="parsedChannelsMatchPrintedChannels()" classname="it.uniba.controller.ControllerTester" time="0.01"/>
  <testcase name="parsedUsersMatchPrintedUsers()" classname="it.uniba.controller.ControllerTester" time="0.001">
    <skipped/>
  </testcase>
  <testcase name="goodPathTester()" classname="it.uniba.controller.ControllerTester" time="0.005"/>
  <system-out><![CDATA[]]></system-out>
  <system-err><![CDATA[]]></system-err>
</testsuite>
