<?xml version="1.0" encoding="UTF-8"?>
<testsuite name="it.uniba.workdata.UserTester" tests="2" skipped="0" failures="0" errors="0" timestamp="2018-05-31T07:40:30" hostname="GiovanDonato" time="0.002">
  <properties/>
  <testcase name="successfulEquals()" classname="it.uniba.workdata.UserTester" time="0.001"/>
  <testcase name="failedEquals()" classname="it.uniba.workdata.UserTester" time="0.001"/>
  <system-out><![CDATA[]]></system-out>
  <system-err><![CDATA[]]></system-err>
</testsuite>
