<?xml version="1.0" encoding="UTF-8"?>
<testsuite name="it.uniba.controller.input.ParserInterpreterTest" tests="18" skipped="0" failures="0" errors="0" timestamp="2018-05-31T08:00:05" hostname="GiovanDonato" time="1.301">
  <properties/>
  <testcase name="badFromWho()" classname="it.uniba.controller.input.ParserInterpreterTest" time="0.006"/>
  <testcase name="toInMentionCalled()" classname="it.uniba.controller.input.ParserInterpreterTest" time="0.191"/>
  <testcase name="mentionToCalled()" classname="it.uniba.controller.input.ParserInterpreterTest" time="0.257"/>
  <testcase name="BaseMentionWeightCalled()" classname="it.uniba.controller.input.ParserInterpreterTest" time="0.136"/>
  <testcase name="toWhoOutOfBound()" classname="it.uniba.controller.input.ParserInterpreterTest" time="0.01"/>
  <testcase name="channelsCalled()" classname="it.uniba.controller.input.ParserInterpreterTest" time="0.095"/>
  <testcase name="fromInMentionCalled()" classname="it.uniba.controller.input.ParserInterpreterTest" time="0.131"/>
  <testcase name="fromWhoOutOfBound()" classname="it.uniba.controller.input.ParserInterpreterTest" time="0.005"/>
  <testcase name="badParameters()" classname="it.uniba.controller.input.ParserInterpreterTest" time="0.016"/>
  <testcase name="baseInMentionWeightCalled()" classname="it.uniba.controller.input.ParserInterpreterTest" time="0.107"/>
  <testcase name="badIn()" classname="it.uniba.controller.input.ParserInterpreterTest" time="0.012"/>
  <testcase name="invalidWorkspace()" classname="it.uniba.controller.input.ParserInterpreterTest" time="0.013"/>
  <testcase name="usersInChannelCalled()" classname="it.uniba.controller.input.ParserInterpreterTest" time="0.078"/>
  <testcase name="extendedChannelCalled()" classname="it.uniba.controller.input.ParserInterpreterTest" time="0.118"/>
  <testcase name="helpCalled()" classname="it.uniba.controller.input.ParserInterpreterTest" time="0.005"/>
  <testcase name="inOutOfBound()" classname="it.uniba.controller.input.ParserInterpreterTest" time="0.011"/>
  <testcase name="membersCalled()" classname="it.uniba.controller.input.ParserInterpreterTest" time="0.075"/>
  <testcase name="badToWho()" classname="it.uniba.controller.input.ParserInterpreterTest" time="0.004"/>
  <system-out><![CDATA[]]></system-out>
  <system-err><![CDATA[]]></system-err>
</testsuite>
