<?xml version="1.0" encoding="UTF-8"?>
<testsuite name="it.uniba.workdata.ChannelTester" tests="1" skipped="0" failures="0" errors="0" timestamp="2018-05-31T07:40:30" hostname="GiovanDonato" time="0.008">
  <properties/>
  <testcase name="channelGetterTest()" classname="it.uniba.workdata.ChannelTester" time="0.008"/>
  <system-out><![CDATA[]]></system-out>
  <system-err><![CDATA[]]></system-err>
</testsuite>
