<?xml version="1.0" encoding="UTF-8"?>
<testsuite name="it.uniba.controller.ExceptionsHandlerTest" tests="1" skipped="0" failures="0" errors="0" timestamp="2018-06-02T15:09:24" hostname="Ottavio-Laptop" time="0.002">
  <properties/>
  <testcase name="successfulExHandler()" classname="it.uniba.controller.ExceptionsHandlerTest" time="0.002"/>
  <system-out><![CDATA[]]></system-out>
  <system-err><![CDATA[]]></system-err>
</testsuite>
