<?xml version="1.0" encoding="UTF-8"?>
<testsuite name="it.uniba.controller.ControllerTester" tests="4" skipped="1" failures="0" errors="0" timestamp="2018-06-02T15:15:13" hostname="Ottavio-Laptop" time="0.107">
  <properties/>
  <testcase name="invalidPathTester()" classname="it.uniba.controller.ControllerTester" time="0.097"/>
  <testcase name="parsedChannelsMatchPrintedChannels()" classname="it.uniba.controller.ControllerTester" time="0.004"/>
  <testcase name="parsedUsersMatchPrintedUsers()" classname="it.uniba.controller.ControllerTester" time="0.0">
    <skipped/>
  </testcase>
  <testcase name="goodPathTester()" classname="it.uniba.controller.ControllerTester" time="0.002"/>
  <system-out><![CDATA[]]></system-out>
  <system-err><![CDATA[]]></system-err>
</testsuite>
