<?xml version="1.0" encoding="UTF-8"?>
<testsuite name="it.uniba.controller.ControllerTester" tests="4" skipped="1" failures="0" errors="0" timestamp="2018-05-31T08:00:05" hostname="GiovanDonato" time="0.219">
  <properties/>
  <testcase name="invalidPathTester()" classname="it.uniba.controller.ControllerTester" time="0.184"/>
  <testcase name="parsedChannelsMatchPrintedChannels()" classname="it.uniba.controller.ControllerTester" time="0.021"/>
  <testcase name="parsedUsersMatchPrintedUsers()" classname="it.uniba.controller.ControllerTester" time="0.0">
    <skipped/>
  </testcase>
  <testcase name="goodPathTester()" classname="it.uniba.controller.ControllerTester" time="0.006"/>
  <system-out><![CDATA[]]></system-out>
  <system-err><![CDATA[]]></system-err>
</testsuite>
