<?xml version="1.0" encoding="UTF-8"?>
<testsuite name="JUnit Jupiter" tests="29" skipped="0" failures="0" errors="0" time="2.162" hostname="curci-PC" timestamp="2018-05-31T18:43:46">
<properties>
<property name="awt.toolkit" value="sun.awt.windows.WToolkit"/>
<property name="file.encoding" value="windows-1252"/>
<property name="file.encoding.pkg" value="sun.io"/>
<property name="file.separator" value="\"/>
<property name="java.awt.graphicsenv" value="sun.awt.Win32GraphicsEnvironment"/>
<property name="java.awt.printerjob" value="sun.awt.windows.WPrinterJob"/>
<property name="java.class.path" value="C:\1Università\Ingegneria del Software\progetto1718-nygaard\build\classes\java\test;C:\1Università\Ingegneria del Software\progetto1718-nygaard\build\resources\test;C:\1Università\Ingegneria del Software\progetto1718-nygaard\build\classes\java\main;C:\1Università\Ingegneria del Software\progetto1718-nygaard\build\resources\main;C:\1Università\Ingegneria del Software\progetto1718-nygaard\lib\gson-2.6.2.jar;C:\1Università\Ingegneria del Software\progetto1718-nygaard\lib\guava-23.0.jar;C:\1Università\Ingegneria del Software\progetto1718-nygaard\lib\picocli-3.0.1.jar;C:\Users\curci\.gradle\caches\modules-2\files-2.1\com.google.guava\guava\21.0\3a3d111be1be1b745edfa7d91678a12d7ed38709\guava-21.0.jar;C:\Users\curci\.gradle\caches\modules-2\files-2.1\org.junit.jupiter\junit-jupiter-engine\5.0.0\811b65ec5a499732868f76c1d2a6f5786774ff82\junit-jupiter-engine-5.0.0.jar;C:\Users\curci\.gradle\caches\modules-2\files-2.1\org.junit.jupiter\junit-jupiter-api\5.0.0\f7fe1b74bef74d640493781abecafba191472ad\junit-jupiter-api-5.0.0.jar;C:\Users\curci\.gradle\caches\modules-2\files-2.1\org.junit.platform\junit-platform-runner\1.0.0\441aff408cd4ac7595d877a6f11b28c2ec535eb0\junit-platform-runner-1.0.0.jar;C:\Users\curci\.gradle\caches\modules-2\files-2.1\org.junit.platform\junit-platform-suite-api\1.0.0\9dafe3b1e364203e3ced0e601892184a6119fc5\junit-platform-suite-api-1.0.0.jar;C:\Users\curci\.gradle\caches\modules-2\files-2.1\org.junit.platform\junit-platform-launcher\1.0.0\5602a195a442636276efefce2a4c7b418cd67e5c\junit-platform-launcher-1.0.0.jar;C:\Users\curci\.gradle\caches\modules-2\files-2.1\org.junit.platform\junit-platform-engine\1.0.0\fdc6f63a689b894529ea5e9e218b65422748fd\junit-platform-engine-1.0.0.jar;C:\Users\curci\.gradle\caches\modules-2\files-2.1\org.junit.platform\junit-platform-commons\1.0.0\d2e03d9b21020746d48fe45834ff7d71fbcbd7b2\junit-platform-commons-1.0.0.jar;C:\Users\curci\.gradle\caches\modules-2\files-2.1\org.apiguardian\apiguardian-api\1.0.0\3ef5276905e36f4d8055fe3cb0bdcc7503ffc85d\apiguardian-api-1.0.0.jar;C:\Users\curci\.gradle\caches\modules-2\files-2.1\org.opentest4j\opentest4j\1.0.0\6f09c598e9ff64bf0ce2fa7e7de49a99ba83c0b4\opentest4j-1.0.0.jar;C:\Users\curci\.gradle\caches\modules-2\files-2.1\junit\junit\4.12\2973d150c0dc1fefe998f834810d68f278ea58ec\junit-4.12.jar;C:\Users\curci\.gradle\caches\modules-2\files-2.1\org.hamcrest\hamcrest-core\1.3\42a25dc3219429f0e5d060061f71acb49bf010a0\hamcrest-core-1.3.jar;C:\Users\curci\.gradle\caches\modules-2\files-2.1\org.junit.platform\junit-platform-console\1.1.0\1ea376db54ab4ec0018c5e99d414e1c7c034387\junit-platform-console-1.1.0.jar;C:\Users\curci\.gradle\caches\modules-2\files-2.1\org.junit.platform\junit-platform-launcher\1.1.0\ba098edde4e59cacd9225e238ea3ad9c946684ab\junit-platform-launcher-1.1.0.jar;C:\Users\curci\.gradle\caches\modules-2\files-2.1\org.junit.platform\junit-platform-engine\1.1.0\2596bd4d909e7ea8d029272db4338075445d731b\junit-platform-engine-1.1.0.jar;C:\Users\curci\.gradle\caches\modules-2\files-2.1\org.junit.platform\junit-platform-commons\1.1.0\d6aa21029f9cedfb4cc8a9e9efc0bd97987205b8\junit-platform-commons-1.1.0.jar"/>
<property name="java.class.version" value="52.0"/>
<property name="java.endorsed.dirs" value="C:\Program Files\Java\jdk1.8.0_172\jre\lib\endorsed"/>
<property name="java.ext.dirs" value="C:\Program Files\Java\jdk1.8.0_172\jre\lib\ext;C:\Windows\Sun\Java\lib\ext"/>
<property name="java.home" value="C:\Program Files\Java\jdk1.8.0_172\jre"/>
<property name="java.io.tmpdir" value="C:\Users\curci\AppData\Local\Temp\"/>
<property name="java.library.path" value="C:\Program Files\Java\jdk1.8.0_172\bin;C:\Windows\Sun\Java\bin;C:\Windows\system32;C:\Windows;C:/Program Files/Java/jre1.8.0_172/bin/server;C:/Program Files/Java/jre1.8.0_172/bin;C:/Program Files/Java/jre1.8.0_172/lib/amd64;C:\Program Files (x86)\Common Files\Oracle\Java\javapath;C:\ProgramData\Oracle\Java\javapath;C:\Program Files (x86)\NVIDIA Corporation\PhysX\Common;C:\Program Files\Common Files\Microsoft Shared\Windows Live;C:\Program Files (x86)\Common Files\Microsoft Shared\Windows Live;C:\Windows\system32;C:\Windows;C:\Windows\System32\Wbem;C:\Windows\System32\WindowsPowerShell\v1.0\;C:\Program Files (x86)\ATI Technologies\ATI.ACE\Core-Static;C:\Program Files (x86)\Windows Live\Shared;C:\Program Files (x86)\Skype\Phone\;C:\MinGW\bin;D:\Program Files\doxygen\bin;D:\Program Files\Git\cmd;C:\Program Files (x86)\AMD\ATI.ACE\Core-Static;D:\eclipse;;."/>
<property name="java.runtime.name" value="Java(TM) SE Runtime Environment"/>
<property name="java.runtime.version" value="1.8.0_172-b11"/>
<property name="java.specification.name" value="Java Platform API Specification"/>
<property name="java.specification.vendor" value="Oracle Corporation"/>
<property name="java.specification.version" value="1.8"/>
<property name="java.vendor" value="Oracle Corporation"/>
<property name="java.vendor.url" value="http://java.oracle.com/"/>
<property name="java.vendor.url.bug" value="http://bugreport.sun.com/bugreport/"/>
<property name="java.version" value="1.8.0_172"/>
<property name="java.vm.info" value="mixed mode"/>
<property name="java.vm.name" value="Java HotSpot(TM) 64-Bit Server VM"/>
<property name="java.vm.specification.name" value="Java Virtual Machine Specification"/>
<property name="java.vm.specification.vendor" value="Oracle Corporation"/>
<property name="java.vm.specification.version" value="1.8"/>
<property name="java.vm.vendor" value="Oracle Corporation"/>
<property name="java.vm.version" value="25.172-b11"/>
<property name="line.separator" value="
"/>
<property name="os.arch" value="amd64"/>
<property name="os.name" value="Windows 7"/>
<property name="os.version" value="6.1"/>
<property name="path.separator" value=";"/>
<property name="sun.arch.data.model" value="64"/>
<property name="sun.boot.class.path" value="C:\Program Files\Java\jdk1.8.0_172\jre\lib\resources.jar;C:\Program Files\Java\jdk1.8.0_172\jre\lib\rt.jar;C:\Program Files\Java\jdk1.8.0_172\jre\lib\sunrsasign.jar;C:\Program Files\Java\jdk1.8.0_172\jre\lib\jsse.jar;C:\Program Files\Java\jdk1.8.0_172\jre\lib\jce.jar;C:\Program Files\Java\jdk1.8.0_172\jre\lib\charsets.jar;C:\Program Files\Java\jdk1.8.0_172\jre\lib\jfr.jar;C:\Program Files\Java\jdk1.8.0_172\jre\classes"/>
<property name="sun.boot.library.path" value="C:\Program Files\Java\jdk1.8.0_172\jre\bin"/>
<property name="sun.cpu.endian" value="little"/>
<property name="sun.cpu.isalist" value="amd64"/>
<property name="sun.desktop" value="windows"/>
<property name="sun.io.unicode.encoding" value="UnicodeLittle"/>
<property name="sun.java.command" value="org.junit.platform.console.ConsoleLauncher --details NONE --scan-class-path C:\1Università\Ingegneria del Software\progetto1718-nygaard\build\classes\java\main;C:\1Università\Ingegneria del Software\progetto1718-nygaard\build\resources\main;C:\1Università\Ingegneria del Software\progetto1718-nygaard\build\classes\java\test;C:\1Università\Ingegneria del Software\progetto1718-nygaard\build\resources\test -n ^.*Tests?$ -T slow -e junit-jupiter --reports-dir C:\1Università\Ingegneria del Software\progetto1718-nygaard\build\test-results\junit-platform"/>
<property name="sun.java.launcher" value="SUN_STANDARD"/>
<property name="sun.jnu.encoding" value="Cp1252"/>
<property name="sun.management.compiler" value="HotSpot 64-Bit Tiered Compilers"/>
<property name="sun.os.patch.level" value="Service Pack 1"/>
<property name="user.country" value="IT"/>
<property name="user.dir" value="C:\1Università\Ingegneria del Software\progetto1718-nygaard"/>
<property name="user.home" value="C:\Users\curci"/>
<property name="user.language" value="it"/>
<property name="user.name" value="curci"/>
<property name="user.script" value=""/>
<property name="user.timezone" value="Europe/Berlin"/>
<property name="user.variant" value=""/>
</properties>
<testcase name="successfulExHandler()" classname="it.uniba.controller.ExceptionsHandlerTest" time="0.018">
<system-out><![CDATA[
unique-id: [engine:junit-jupiter]/[class:it.uniba.controller.ExceptionsHandlerTest]/[method:successfulExHandler()]
display-name: successfulExHandler()
]]></system-out>
</testcase>
<testcase name="badFromWho()" classname="it.uniba.controller.input.ParserInterpreterTest" time="0.306">
<system-out><![CDATA[
unique-id: [engine:junit-jupiter]/[class:it.uniba.controller.input.ParserInterpreterTest]/[method:badFromWho()]
display-name: badFromWho()
]]></system-out>
</testcase>
<testcase name="toInMentionCalled()" classname="it.uniba.controller.input.ParserInterpreterTest" time="0.591">
<system-out><![CDATA[
unique-id: [engine:junit-jupiter]/[class:it.uniba.controller.input.ParserInterpreterTest]/[method:toInMentionCalled()]
display-name: toInMentionCalled()
]]></system-out>
</testcase>
<testcase name="mentionToCalled()" classname="it.uniba.controller.input.ParserInterpreterTest" time="0.147">
<system-out><![CDATA[
unique-id: [engine:junit-jupiter]/[class:it.uniba.controller.input.ParserInterpreterTest]/[method:mentionToCalled()]
display-name: mentionToCalled()
]]></system-out>
</testcase>
<testcase name="toWhoOutOfBound()" classname="it.uniba.controller.input.ParserInterpreterTest" time="0.009">
<system-out><![CDATA[
unique-id: [engine:junit-jupiter]/[class:it.uniba.controller.input.ParserInterpreterTest]/[method:toWhoOutOfBound()]
display-name: toWhoOutOfBound()
]]></system-out>
</testcase>
<testcase name="channelsCalled()" classname="it.uniba.controller.input.ParserInterpreterTest" time="0.094">
<system-out><![CDATA[
unique-id: [engine:junit-jupiter]/[class:it.uniba.controller.input.ParserInterpreterTest]/[method:channelsCalled()]
display-name: channelsCalled()
]]></system-out>
</testcase>
<testcase name="fromInMentionCalled()" classname="it.uniba.controller.input.ParserInterpreterTest" time="0.129">
<system-out><![CDATA[
unique-id: [engine:junit-jupiter]/[class:it.uniba.controller.input.ParserInterpreterTest]/[method:fromInMentionCalled()]
display-name: fromInMentionCalled()
]]></system-out>
</testcase>
<testcase name="fromWhoOutOfBound()" classname="it.uniba.controller.input.ParserInterpreterTest" time="0.01">
<system-out><![CDATA[
unique-id: [engine:junit-jupiter]/[class:it.uniba.controller.input.ParserInterpreterTest]/[method:fromWhoOutOfBound()]
display-name: fromWhoOutOfBound()
]]></system-out>
</testcase>
<testcase name="baseMentionWeightCalled()" classname="it.uniba.controller.input.ParserInterpreterTest" time="0.191">
<system-out><![CDATA[
unique-id: [engine:junit-jupiter]/[class:it.uniba.controller.input.ParserInterpreterTest]/[method:baseMentionWeightCalled()]
display-name: baseMentionWeightCalled()
]]></system-out>
</testcase>
<testcase name="badParameters()" classname="it.uniba.controller.input.ParserInterpreterTest" time="0.005">
<system-out><![CDATA[
unique-id: [engine:junit-jupiter]/[class:it.uniba.controller.input.ParserInterpreterTest]/[method:badParameters()]
display-name: badParameters()
]]></system-out>
</testcase>
<testcase name="baseInMentionWeightCalled()" classname="it.uniba.controller.input.ParserInterpreterTest" time="0.065">
<system-out><![CDATA[
unique-id: [engine:junit-jupiter]/[class:it.uniba.controller.input.ParserInterpreterTest]/[method:baseInMentionWeightCalled()]
display-name: baseInMentionWeightCalled()
]]></system-out>
</testcase>
<testcase name="badIn()" classname="it.uniba.controller.input.ParserInterpreterTest" time="0.004">
<system-out><![CDATA[
unique-id: [engine:junit-jupiter]/[class:it.uniba.controller.input.ParserInterpreterTest]/[method:badIn()]
display-name: badIn()
]]></system-out>
</testcase>
<testcase name="invalidWorkspace()" classname="it.uniba.controller.input.ParserInterpreterTest" time="0.004">
<system-out><![CDATA[
unique-id: [engine:junit-jupiter]/[class:it.uniba.controller.input.ParserInterpreterTest]/[method:invalidWorkspace()]
display-name: invalidWorkspace()
]]></system-out>
</testcase>
<testcase name="usersInChannelCalled()" classname="it.uniba.controller.input.ParserInterpreterTest" time="0.054">
<system-out><![CDATA[
unique-id: [engine:junit-jupiter]/[class:it.uniba.controller.input.ParserInterpreterTest]/[method:usersInChannelCalled()]
display-name: usersInChannelCalled()
]]></system-out>
</testcase>
<testcase name="extendedChannelCalled()" classname="it.uniba.controller.input.ParserInterpreterTest" time="0.072">
<system-out><![CDATA[
unique-id: [engine:junit-jupiter]/[class:it.uniba.controller.input.ParserInterpreterTest]/[method:extendedChannelCalled()]
display-name: extendedChannelCalled()
]]></system-out>
</testcase>
<testcase name="helpCalled()" classname="it.uniba.controller.input.ParserInterpreterTest" time="0.017">
<system-out><![CDATA[
unique-id: [engine:junit-jupiter]/[class:it.uniba.controller.input.ParserInterpreterTest]/[method:helpCalled()]
display-name: helpCalled()
]]></system-out>
</testcase>
<testcase name="inOutOfBound()" classname="it.uniba.controller.input.ParserInterpreterTest" time="0.008">
<system-out><![CDATA[
unique-id: [engine:junit-jupiter]/[class:it.uniba.controller.input.ParserInterpreterTest]/[method:inOutOfBound()]
display-name: inOutOfBound()
]]></system-out>
</testcase>
<testcase name="membersCalled()" classname="it.uniba.controller.input.ParserInterpreterTest" time="0.074">
<system-out><![CDATA[
unique-id: [engine:junit-jupiter]/[class:it.uniba.controller.input.ParserInterpreterTest]/[method:membersCalled()]
display-name: membersCalled()
]]></system-out>
</testcase>
<testcase name="badToWho()" classname="it.uniba.controller.input.ParserInterpreterTest" time="0.003">
<system-out><![CDATA[
unique-id: [engine:junit-jupiter]/[class:it.uniba.controller.input.ParserInterpreterTest]/[method:badToWho()]
display-name: badToWho()
]]></system-out>
</testcase>
<testcase name="successfulThrowOnGenerate()" classname="it.uniba.model.MentionGraphTest" time="0.002">
<system-out><![CDATA[
unique-id: [engine:junit-jupiter]/[class:it.uniba.model.MentionGraphTest]/[method:successfulThrowOnGenerate()]
display-name: successfulThrowOnGenerate()
]]></system-out>
</testcase>
<testcase name="successfulMentionGraph()" classname="it.uniba.model.MentionGraphTest" time="0.003">
<system-out><![CDATA[
unique-id: [engine:junit-jupiter]/[class:it.uniba.model.MentionGraphTest]/[method:successfulMentionGraph()]
display-name: successfulMentionGraph()
]]></system-out>
</testcase>
<testcase name="successfullIsEmptyTest()" classname="it.uniba.model.MentionGraphTest" time="0.004">
<system-out><![CDATA[
unique-id: [engine:junit-jupiter]/[class:it.uniba.model.MentionGraphTest]/[method:successfullIsEmptyTest()]
display-name: successfullIsEmptyTest()
]]></system-out>
</testcase>
<testcase name="edgesOutDegreeTest()" classname="it.uniba.model.MentionGraphTest" time="0.001">
<system-out><![CDATA[
unique-id: [engine:junit-jupiter]/[class:it.uniba.model.MentionGraphTest]/[method:edgesOutDegreeTest()]
display-name: edgesOutDegreeTest()
]]></system-out>
</testcase>
<testcase name="successfulContainsNodeTest()" classname="it.uniba.model.MentionGraphTest" time="0.004">
<system-out><![CDATA[
unique-id: [engine:junit-jupiter]/[class:it.uniba.model.MentionGraphTest]/[method:successfulContainsNodeTest()]
display-name: successfulContainsNodeTest()
]]></system-out>
</testcase>
<testcase name="edgesInDegreeTest()" classname="it.uniba.model.MentionGraphTest" time="0.004">
<system-out><![CDATA[
unique-id: [engine:junit-jupiter]/[class:it.uniba.model.MentionGraphTest]/[method:edgesInDegreeTest()]
display-name: edgesInDegreeTest()
]]></system-out>
</testcase>
<testcase name="failedContainsNodeTest()" classname="it.uniba.model.MentionGraphTest" time="0.003">
<system-out><![CDATA[
unique-id: [engine:junit-jupiter]/[class:it.uniba.model.MentionGraphTest]/[method:failedContainsNodeTest()]
display-name: failedContainsNodeTest()
]]></system-out>
</testcase>
<testcase name="failedIsEmptyTest()" classname="it.uniba.model.MentionGraphTest" time="0.001">
<system-out><![CDATA[
unique-id: [engine:junit-jupiter]/[class:it.uniba.model.MentionGraphTest]/[method:failedIsEmptyTest()]
display-name: failedIsEmptyTest()
]]></system-out>
</testcase>
<testcase name="successfulThrowOnEmptyGraph()" classname="it.uniba.model.MentionGraphTest" time="0.002">
<system-out><![CDATA[
unique-id: [engine:junit-jupiter]/[class:it.uniba.model.MentionGraphTest]/[method:successfulThrowOnEmptyGraph()]
display-name: successfulThrowOnEmptyGraph()
]]></system-out>
</testcase>
<testcase name="failedThrowGenerateOnFilledModel()" classname="it.uniba.model.MentionGraphTest" time="0.019">
<system-out><![CDATA[
unique-id: [engine:junit-jupiter]/[class:it.uniba.model.MentionGraphTest]/[method:failedThrowGenerateOnFilledModel()]
display-name: failedThrowGenerateOnFilledModel()
]]></system-out>
</testcase>
<system-out><![CDATA[
unique-id: [engine:junit-jupiter]
display-name: JUnit Jupiter
]]></system-out>
</testsuite>
